<?xml version="1.0" encoding="UTF-8"?>
<testng-results ignored="0" total="1" passed="1" failed="0" skipped="0">
  <reporter-output>
  </reporter-output>
  <suite started-at="2023-03-03T14:33:08 IST" name="Default suite" finished-at="2023-03-03T14:33:21 IST" duration-ms="12972">
    <groups>
      <group name="cucumber">
        <method signature="AbstractTestNGCucumberTests.runScenario(io.cucumber.testng.PickleWrapper,io.cucumber.testng.FeatureWrapper)[pri:0, instance:TestRunner.TestRunner@18271936]" name="runScenario" class="io.cucumber.testng.AbstractTestNGCucumberTests"/>
      </group> <!-- cucumber -->
    </groups>
    <test started-at="2023-03-03T14:33:08 IST" name="Default test" finished-at="2023-03-03T14:33:21 IST" duration-ms="12972">
      <class name="TestRunner.TestRunner">
        <test-method is-config="true" signature="setUpClass(org.testng.ITestContext)[pri:0, instance:TestRunner.TestRunner@18271936]" started-at="2023-03-03T14:33:08 IST" name="setUpClass" finished-at="2023-03-03T14:33:09 IST" duration-ms="229" status="PASS">
          <params>
            <param index="0">
              <value>
                <![CDATA[org.testng.TestRunner@377874b4]]>
              </value>
            </param>
          </params>
          <reporter-output>
          </reporter-output>
        </test-method> <!-- setUpClass -->
        <test-method signature="runScenario(io.cucumber.testng.PickleWrapper,io.cucumber.testng.FeatureWrapper)[pri:0, instance:TestRunner.TestRunner@18271936]" started-at="2023-03-03T14:33:09 IST" name="runScenario" description="Runs Cucumber Scenarios" data-provider="scenarios" finished-at="2023-03-03T14:33:21 IST" duration-ms="12405" status="PASS">
          <params>
            <param index="0">
              <value>
                <![CDATA["Adding a product to Cart in application"]]>
              </value>
            </param>
            <param index="1">
              <value>
                <![CDATA["E2E adding a product to cart"]]>
              </value>
            </param>
          </params>
          <reporter-output>
          </reporter-output>
        </test-method> <!-- runScenario -->
        <test-method is-config="true" signature="tearDownClass()[pri:0, instance:TestRunner.TestRunner@18271936]" started-at="2023-03-03T14:33:21 IST" name="tearDownClass" finished-at="2023-03-03T14:33:21 IST" duration-ms="293" status="PASS">
          <reporter-output>
          </reporter-output>
        </test-method> <!-- tearDownClass -->
      </class> <!-- TestRunner.TestRunner -->
    </test> <!-- Default test -->
  </suite> <!-- Default suite -->
</testng-results>
